[debug] [2019-10-12T11:36:13.025Z] ----------------------------------------------------------------------
[debug] [2019-10-12T11:36:13.027Z] Command:       C:\Program Files\nodejs\node.exe C:\Users\Bright Lesi\AppData\Roaming\npm\node_modules\firebase-tools\lib\bin\firebase.js deploy
[debug] [2019-10-12T11:36:13.027Z] CLI Version:   7.5.0
[debug] [2019-10-12T11:36:13.027Z] Platform:      win32
[debug] [2019-10-12T11:36:13.027Z] Node Version:  v10.16.3
[debug] [2019-10-12T11:36:13.028Z] Time:          Sat Oct 12 2019 05:36:13 GMT-0600 (Mountain Daylight Time)
[debug] [2019-10-12T11:36:13.028Z] ----------------------------------------------------------------------
[debug] 
[debug] [2019-10-12T11:36:13.034Z] > command requires scopes: ["email","openid","https://www.googleapis.com/auth/cloudplatformprojects.readonly","https://www.googleapis.com/auth/firebase","https://www.googleapis.com/auth/cloud-platform"]
[debug] [2019-10-12T11:36:13.035Z] > authorizing via signed-in user
[debug] [2019-10-12T11:36:13.035Z] [iam] checking project hackathon-ajo-7b2f8 for permissions ["firebase.projects.get","firebasehosting.sites.update"]
[debug] [2019-10-12T11:36:13.036Z] >>> HTTP REQUEST POST https://cloudresourcemanager.googleapis.com/v1/projects/hackathon-ajo-7b2f8:testIamPermissions  

[debug] [2019-10-12T11:36:13.325Z] <<< HTTP RESPONSE 200
[debug] [2019-10-12T11:36:13.330Z] >>> HTTP REQUEST GET https://firebase.googleapis.com/v1beta1/projects/hackathon-ajo-7b2f8  
 
[debug] [2019-10-12T11:36:13.675Z] <<< HTTP RESPONSE 200
[info] 
[info] === Deploying to 'hackathon-ajo-7b2f8'...
[info] 
[info] i  deploying hosting
[debug] [2019-10-12T11:36:13.679Z] >>> HTTP REQUEST POST https://firebasehosting.googleapis.com/v1beta1/sites/hackathon-ajo-7b2f8/versions  

[debug] [2019-10-12T11:36:14.578Z] <<< HTTP RESPONSE 200
[info] i  hosting[hackathon-ajo-7b2f8]: beginning deploy...
[info] i  hosting[hackathon-ajo-7b2f8]: found 13 files in fire-db
[debug] [2019-10-12T11:36:14.590Z] [hosting] hash cache [ZmlyZS1kYg] load error: lines is not defined
[debug] [2019-10-12T11:36:14.759Z] [hosting] hash cache [ZmlyZS1kYg] stored for 13 files
[debug] [2019-10-12T11:36:14.759Z] [hosting][hash queue][FINAL]
[debug] [2019-10-12T11:36:14.759Z] >>> HTTP REQUEST POST https://firebasehosting.googleapis.com/v1beta1/sites/hackathon-ajo-7b2f8/versions/bfcd3eaa1e2f1c03:populateFiles  
 <request body omitted>
[debug] [2019-10-12T11:36:15.920Z] <<< HTTP RESPONSE 200
[debug] [2019-10-12T11:36:15.924Z] [hosting][populate queue][FINAL]
[debug] [2019-10-12T11:36:15.924Z] [hosting] uploads queued: 1
[debug] [2019-10-12T11:36:55.421Z] ----------------------------------------------------------------------
[debug] [2019-10-12T11:36:55.423Z] Command:       C:\Program Files\nodejs\node.exe C:\Users\Bright Lesi\AppData\Roaming\npm\node_modules\firebase-tools\lib\bin\firebase.js deploy --project hackathon-ajo-7b2f8
[debug] [2019-10-12T11:36:55.423Z] CLI Version:   7.5.0
[debug] [2019-10-12T11:36:55.423Z] Platform:      win32
[debug] [2019-10-12T11:36:55.423Z] Node Version:  v10.16.3
[debug] [2019-10-12T11:36:55.424Z] Time:          Sat Oct 12 2019 05:36:55 GMT-0600 (Mountain Daylight Time)
[debug] [2019-10-12T11:36:55.424Z] ----------------------------------------------------------------------
[debug] 
[debug] [2019-10-12T11:36:55.430Z] > command requires scopes: ["email","openid","https://www.googleapis.com/auth/cloudplatformprojects.readonly","https://www.googleapis.com/auth/firebase","https://www.googleapis.com/auth/cloud-platform"]
[debug] [2019-10-12T11:36:55.430Z] > authorizing via signed-in user
[debug] [2019-10-12T11:36:55.430Z] [iam] checking project hackathon-ajo-7b2f8 for permissions ["firebase.projects.get","firebasehosting.sites.update"]
[debug] [2019-10-12T11:36:55.432Z] >>> HTTP REQUEST POST https://cloudresourcemanager.googleapis.com/v1/projects/hackathon-ajo-7b2f8:testIamPermissions  

[debug] [2019-10-12T11:36:55.784Z] <<< HTTP RESPONSE 200
[debug] [2019-10-12T11:36:55.791Z] >>> HTTP REQUEST GET https://firebase.googleapis.com/v1beta1/projects/hackathon-ajo-7b2f8  
 
[debug] [2019-10-12T11:36:56.245Z] <<< HTTP RESPONSE 200
[info] 
[info] === Deploying to 'hackathon-ajo-7b2f8'...
[info] 
[info] i  deploying hosting
[debug] [2019-10-12T11:36:56.276Z] >>> HTTP REQUEST POST https://firebasehosting.googleapis.com/v1beta1/sites/hackathon-ajo-7b2f8/versions  

[debug] [2019-10-12T11:36:57.045Z] <<< HTTP RESPONSE 200
[info] i  hosting[hackathon-ajo-7b2f8]: beginning deploy...
[info] i  hosting[hackathon-ajo-7b2f8]: found 13 files in fire-db
[debug] [2019-10-12T11:36:57.083Z] [hosting] hash cache [ZmlyZS1kYg] load error: lines is not defined
[debug] [2019-10-12T11:36:57.252Z] [hosting] hash cache [ZmlyZS1kYg] stored for 13 files
[debug] [2019-10-12T11:36:57.252Z] [hosting][hash queue][FINAL]
[debug] [2019-10-12T11:36:57.252Z] >>> HTTP REQUEST POST https://firebasehosting.googleapis.com/v1beta1/sites/hackathon-ajo-7b2f8/versions/c84ca35fc3b07231:populateFiles  
 <request body omitted>
[debug] [2019-10-12T11:36:58.033Z] <<< HTTP RESPONSE 200
[debug] [2019-10-12T11:36:58.038Z] [hosting][populate queue][FINAL]
[debug] [2019-10-12T11:36:58.038Z] [hosting] uploads queued: 1
[debug] [2019-10-12T11:38:18.121Z] ----------------------------------------------------------------------
[debug] [2019-10-12T11:38:18.122Z] Command:       C:\Program Files\nodejs\node.exe C:\Users\Bright Lesi\AppData\Roaming\npm\node_modules\firebase-tools\lib\bin\firebase.js deploy
[debug] [2019-10-12T11:38:18.123Z] CLI Version:   7.5.0
[debug] [2019-10-12T11:38:18.123Z] Platform:      win32
[debug] [2019-10-12T11:38:18.123Z] Node Version:  v10.16.3
[debug] [2019-10-12T11:38:18.123Z] Time:          Sat Oct 12 2019 05:38:18 GMT-0600 (Mountain Daylight Time)
[debug] [2019-10-12T11:38:18.124Z] ----------------------------------------------------------------------
[debug] 
[debug] [2019-10-12T11:38:18.129Z] > command requires scopes: ["email","openid","https://www.googleapis.com/auth/cloudplatformprojects.readonly","https://www.googleapis.com/auth/firebase","https://www.googleapis.com/auth/cloud-platform"]
[debug] [2019-10-12T11:38:18.130Z] > authorizing via signed-in user
[debug] [2019-10-12T11:38:18.130Z] [iam] checking project hackathon-ajo-7b2f8 for permissions ["firebase.projects.get","firebasehosting.sites.update"]
[debug] [2019-10-12T11:38:18.131Z] >>> HTTP REQUEST POST https://cloudresourcemanager.googleapis.com/v1/projects/hackathon-ajo-7b2f8:testIamPermissions  

[debug] [2019-10-12T11:38:18.601Z] <<< HTTP RESPONSE 200
[debug] [2019-10-12T11:38:18.602Z] >>> HTTP REQUEST GET https://firebase.googleapis.com/v1beta1/projects/hackathon-ajo-7b2f8  
 
[debug] [2019-10-12T11:38:18.952Z] <<< HTTP RESPONSE 200
[info] 
[info] === Deploying to 'hackathon-ajo-7b2f8'...
[info] 
[info] i  deploying hosting
[debug] [2019-10-12T11:38:18.984Z] >>> HTTP REQUEST POST https://firebasehosting.googleapis.com/v1beta1/sites/hackathon-ajo-7b2f8/versions  

[debug] [2019-10-12T11:38:19.943Z] <<< HTTP RESPONSE 200
[info] i  hosting[hackathon-ajo-7b2f8]: beginning deploy...
[info] i  hosting[hackathon-ajo-7b2f8]: found 13 files in fire-db
[debug] [2019-10-12T11:38:19.977Z] [hosting] hash cache [ZmlyZS1kYg] load error: lines is not defined
[debug] [2019-10-12T11:38:20.156Z] [hosting] hash cache [ZmlyZS1kYg] stored for 13 files
[debug] [2019-10-12T11:38:20.156Z] [hosting][hash queue][FINAL]
[debug] [2019-10-12T11:38:20.156Z] >>> HTTP REQUEST POST https://firebasehosting.googleapis.com/v1beta1/sites/hackathon-ajo-7b2f8/versions/5daed81be28b69be:populateFiles  
 <request body omitted>
[debug] [2019-10-12T11:38:21.212Z] <<< HTTP RESPONSE 200
[debug] [2019-10-12T11:38:21.213Z] [hosting][populate queue][FINAL]
[debug] [2019-10-12T11:38:21.213Z] [hosting] uploads queued: 1
